0 info it worked if it ends with ok
1 verbose cli [ '/usr/local/bin/node',
1 verbose cli   '/usr/local/bin/npm',
1 verbose cli   'install',
1 verbose cli   'fs-web',
1 verbose cli   '--save' ]
2 info using npm@3.10.10
3 info using node@v6.10.0
4 silly loadCurrentTree Starting
5 silly install loadCurrentTree
6 silly install readLocalPackageData
7 silly fetchPackageMetaData fs-web
8 silly fetchNamedPackageData fs-web
9 silly mapToRegistry name fs-web
10 silly mapToRegistry using default registry
11 silly mapToRegistry registry https://registry.npmjs.org/
12 silly mapToRegistry data Result {
12 silly mapToRegistry   raw: 'fs-web',
12 silly mapToRegistry   scope: null,
12 silly mapToRegistry   escapedName: 'fs-web',
12 silly mapToRegistry   name: 'fs-web',
12 silly mapToRegistry   rawSpec: '',
12 silly mapToRegistry   spec: 'latest',
12 silly mapToRegistry   type: 'tag' }
13 silly mapToRegistry uri https://registry.npmjs.org/fs-web
14 verbose request uri https://registry.npmjs.org/fs-web
15 verbose request no auth needed
16 info attempt registry request try #1 at 11:43:58 AM
17 verbose request id 93e2365d787cf598
18 verbose etag W/"56a8f5f3-230a"
19 verbose lastModified Wed, 27 Jan 2016 16:53:07 GMT
20 http request GET https://registry.npmjs.org/fs-web
21 http 304 https://registry.npmjs.org/fs-web
22 verbose headers { date: 'Wed, 16 Aug 2017 15:44:11 GMT',
22 verbose headers   via: '1.1 varnish',
22 verbose headers   'cache-control': 'max-age=300',
22 verbose headers   etag: 'W/"56a8f5f3-230a"',
22 verbose headers   age: '95',
22 verbose headers   connection: 'keep-alive',
22 verbose headers   'x-served-by': 'cache-ord1720-ORD',
22 verbose headers   'x-cache': 'HIT',
22 verbose headers   'x-cache-hits': '1',
22 verbose headers   'x-timer': 'S1502898252.832930,VS0,VE0',
22 verbose headers   vary: 'Accept-Encoding, Accept' }
23 silly get cb [ 304,
23 silly get   { date: 'Wed, 16 Aug 2017 15:44:11 GMT',
23 silly get     via: '1.1 varnish',
23 silly get     'cache-control': 'max-age=300',
23 silly get     etag: 'W/"56a8f5f3-230a"',
23 silly get     age: '95',
23 silly get     connection: 'keep-alive',
23 silly get     'x-served-by': 'cache-ord1720-ORD',
23 silly get     'x-cache': 'HIT',
23 silly get     'x-cache-hits': '1',
23 silly get     'x-timer': 'S1502898252.832930,VS0,VE0',
23 silly get     vary: 'Accept-Encoding, Accept' } ]
24 verbose etag https://registry.npmjs.org/fs-web from cache
25 verbose get saving fs-web to /Users/arnaudcr/.npm/registry.npmjs.org/fs-web/.cache.json
26 verbose correctMkdir /Users/arnaudcr/.npm correctMkdir not in flight; initializing
27 silly install normalizeTree
28 silly loadCurrentTree Finishing
29 silly loadIdealTree Starting
30 silly install loadIdealTree
31 silly cloneCurrentTree Starting
32 silly install cloneCurrentTreeToIdealTree
33 silly cloneCurrentTree Finishing
34 silly loadShrinkwrap Starting
35 silly install loadShrinkwrap
36 silly loadShrinkwrap Finishing
37 silly loadAllDepsIntoIdealTree Starting
38 silly install loadAllDepsIntoIdealTree
39 silly resolveWithNewModule fs-web@1.0.1 checking installable status
40 silly cache add args [ 'fs-web', null ]
41 verbose cache add spec fs-web
42 silly cache add parsed spec Result {
42 silly cache add   raw: 'fs-web',
42 silly cache add   scope: null,
42 silly cache add   escapedName: 'fs-web',
42 silly cache add   name: 'fs-web',
42 silly cache add   rawSpec: '',
42 silly cache add   spec: 'latest',
42 silly cache add   type: 'tag' }
43 silly addNamed fs-web@latest
44 verbose addNamed "latest" is being treated as a dist-tag for fs-web
45 info addNameTag [ 'fs-web', 'latest' ]
46 silly mapToRegistry name fs-web
47 silly mapToRegistry using default registry
48 silly mapToRegistry registry https://registry.npmjs.org/
49 silly mapToRegistry data Result {
49 silly mapToRegistry   raw: 'fs-web',
49 silly mapToRegistry   scope: null,
49 silly mapToRegistry   escapedName: 'fs-web',
49 silly mapToRegistry   name: 'fs-web',
49 silly mapToRegistry   rawSpec: '',
49 silly mapToRegistry   spec: 'latest',
49 silly mapToRegistry   type: 'tag' }
50 silly mapToRegistry uri https://registry.npmjs.org/fs-web
51 verbose addNameTag registry:https://registry.npmjs.org/fs-web not in flight; fetching
52 verbose get https://registry.npmjs.org/fs-web not expired, no request
53 silly addNameTag next cb for fs-web with tag latest
54 silly addNamed fs-web@1.0.1
55 verbose addNamed "1.0.1" is a plain semver version for fs-web
56 silly cache afterAdd fs-web@1.0.1
57 verbose afterAdd /Users/arnaudcr/.npm/fs-web/1.0.1/package/package.json not in flight; writing
58 verbose correctMkdir /Users/arnaudcr/.npm correctMkdir not in flight; initializing
59 verbose afterAdd /Users/arnaudcr/.npm/fs-web/1.0.1/package/package.json written
60 silly fetchOtherPackageData path@git://github.com/component/path.git#7b4f23c38833a5232cd5e3d50ccb8cd13dbcd2f4
61 silly cache add args [ 'path@git://github.com/component/path.git#7b4f23c38833a5232cd5e3d50ccb8cd13dbcd2f4',
61 silly cache add   null ]
62 verbose cache add spec path@git://github.com/component/path.git#7b4f23c38833a5232cd5e3d50ccb8cd13dbcd2f4
63 silly cache add parsed spec Result {
63 silly cache add   raw: 'path@git://github.com/component/path.git#7b4f23c38833a5232cd5e3d50ccb8cd13dbcd2f4',
63 silly cache add   scope: null,
63 silly cache add   escapedName: 'path',
63 silly cache add   name: 'path',
63 silly cache add   rawSpec: 'git://github.com/component/path.git#7b4f23c38833a5232cd5e3d50ccb8cd13dbcd2f4',
63 silly cache add   spec: 'git://github.com/component/path.git#7b4f23c38833a5232cd5e3d50ccb8cd13dbcd2f4',
63 silly cache add   type: 'hosted',
63 silly cache add   hosted:
63 silly cache add    { type: 'github',
63 silly cache add      ssh: 'git@github.com:component/path.git#7b4f23c38833a5232cd5e3d50ccb8cd13dbcd2f4',
63 silly cache add      sshUrl: 'git+ssh://git@github.com/component/path.git#7b4f23c38833a5232cd5e3d50ccb8cd13dbcd2f4',
63 silly cache add      httpsUrl: 'git+https://github.com/component/path.git#7b4f23c38833a5232cd5e3d50ccb8cd13dbcd2f4',
63 silly cache add      gitUrl: 'git://github.com/component/path.git#7b4f23c38833a5232cd5e3d50ccb8cd13dbcd2f4',
63 silly cache add      shortcut: 'github:component/path#7b4f23c38833a5232cd5e3d50ccb8cd13dbcd2f4',
63 silly cache add      directUrl: 'https://raw.githubusercontent.com/component/path/7b4f23c38833a5232cd5e3d50ccb8cd13dbcd2f4/package.json' } }
64 verbose addRemoteGit caching git://github.com/component/path.git#7b4f23c38833a5232cd5e3d50ccb8cd13dbcd2f4
65 verbose addRemoteGit git://github.com/component/path.git#7b4f23c38833a5232cd5e3d50ccb8cd13dbcd2f4 is a repository hosted by github
66 silly tryClone cloning git://github.com/component/path.git#7b4f23c38833a5232cd5e3d50ccb8cd13dbcd2f4 via git://github.com/component/path.git#7b4f23c38833a5232cd5e3d50ccb8cd13dbcd2f4
67 verbose tryClone git-github-com-component-path-git-7b4f23c38833a5232cd5e3d50ccb8cd13dbcd2f4-ed264042 not in flight; caching
68 verbose correctMkdir /Users/arnaudcr/.npm/_git-remotes correctMkdir not in flight; initializing
69 info git [ 'clone',
69 info git   '--template=/Users/arnaudcr/.npm/_git-remotes/_templates',
69 info git   '--mirror',
69 info git   'git://github.com/component/path.git',
69 info git   '/Users/arnaudcr/.npm/_git-remotes/git-github-com-component-path-git-7b4f23c38833a5232cd5e3d50ccb8cd13dbcd2f4-ed264042' ]
70 error git clone --template=/Users/arnaudcr/.npm/_git-remotes/_templates --mirror git://github.com/component/path.git /Users/arnaudcr/.npm/_git-remotes/git-github-com-component-path-git-7b4f23c38833a5232cd5e3d50ccb8cd13dbcd2f4-ed264042: Cloning into bare repository '/Users/arnaudcr/.npm/_git-remotes/git-github-com-component-path-git-7b4f23c38833a5232cd5e3d50ccb8cd13dbcd2f4-ed264042'...
70 error git clone --template=/Users/arnaudcr/.npm/_git-remotes/_templates --mirror git://github.com/component/path.git /Users/arnaudcr/.npm/_git-remotes/git-github-com-component-path-git-7b4f23c38833a5232cd5e3d50ccb8cd13dbcd2f4-ed264042: fatal: read error: Operation timed out
71 silly fetchPackageMetaData Error: Command failed: git clone --template=/Users/arnaudcr/.npm/_git-remotes/_templates --mirror git://github.com/component/path.git /Users/arnaudcr/.npm/_git-remotes/git-github-com-component-path-git-7b4f23c38833a5232cd5e3d50ccb8cd13dbcd2f4-ed264042
71 silly fetchPackageMetaData Cloning into bare repository '/Users/arnaudcr/.npm/_git-remotes/git-github-com-component-path-git-7b4f23c38833a5232cd5e3d50ccb8cd13dbcd2f4-ed264042'...
71 silly fetchPackageMetaData fatal: read error: Operation timed out
71 silly fetchPackageMetaData
71 silly fetchPackageMetaData     at ChildProcess.exithandler (child_process.js:206:12)
71 silly fetchPackageMetaData     at emitTwo (events.js:106:13)
71 silly fetchPackageMetaData     at ChildProcess.emit (events.js:191:7)
71 silly fetchPackageMetaData     at maybeClose (internal/child_process.js:877:16)
71 silly fetchPackageMetaData     at Socket.<anonymous> (internal/child_process.js:334:11)
71 silly fetchPackageMetaData     at emitOne (events.js:96:13)
71 silly fetchPackageMetaData     at Socket.emit (events.js:188:7)
71 silly fetchPackageMetaData     at Pipe._handle.close [as _onclose] (net.js:498:12)
71 silly fetchPackageMetaData  error for path@git://github.com/component/path.git#7b4f23c38833a5232cd5e3d50ccb8cd13dbcd2f4 { Error: Command failed: git clone --template=/Users/arnaudcr/.npm/_git-remotes/_templates --mirror git://github.com/component/path.git /Users/arnaudcr/.npm/_git-remotes/git-github-com-component-path-git-7b4f23c38833a5232cd5e3d50ccb8cd13dbcd2f4-ed264042
71 silly fetchPackageMetaData Cloning into bare repository '/Users/arnaudcr/.npm/_git-remotes/git-github-com-component-path-git-7b4f23c38833a5232cd5e3d50ccb8cd13dbcd2f4-ed264042'...
71 silly fetchPackageMetaData fatal: read error: Operation timed out
71 silly fetchPackageMetaData
71 silly fetchPackageMetaData     at ChildProcess.exithandler (child_process.js:206:12)
71 silly fetchPackageMetaData     at emitTwo (events.js:106:13)
71 silly fetchPackageMetaData     at ChildProcess.emit (events.js:191:7)
71 silly fetchPackageMetaData     at maybeClose (internal/child_process.js:877:16)
71 silly fetchPackageMetaData     at Socket.<anonymous> (internal/child_process.js:334:11)
71 silly fetchPackageMetaData     at emitOne (events.js:96:13)
71 silly fetchPackageMetaData     at Socket.emit (events.js:188:7)
71 silly fetchPackageMetaData     at Pipe._handle.close [as _onclose] (net.js:498:12)
71 silly fetchPackageMetaData   killed: false,
71 silly fetchPackageMetaData   code: 128,
71 silly fetchPackageMetaData   signal: null,
71 silly fetchPackageMetaData   cmd: 'git clone --template=/Users/arnaudcr/.npm/_git-remotes/_templates --mirror git://github.com/component/path.git /Users/arnaudcr/.npm/_git-remotes/git-github-com-component-path-git-7b4f23c38833a5232cd5e3d50ccb8cd13dbcd2f4-ed264042' }
72 silly rollbackFailedOptional Starting
73 silly rollbackFailedOptional Finishing
74 silly runTopLevelLifecycles Finishing
75 silly install printInstalled
76 verbose stack Error: Command failed: git clone --template=/Users/arnaudcr/.npm/_git-remotes/_templates --mirror git://github.com/component/path.git /Users/arnaudcr/.npm/_git-remotes/git-github-com-component-path-git-7b4f23c38833a5232cd5e3d50ccb8cd13dbcd2f4-ed264042
76 verbose stack Cloning into bare repository '/Users/arnaudcr/.npm/_git-remotes/git-github-com-component-path-git-7b4f23c38833a5232cd5e3d50ccb8cd13dbcd2f4-ed264042'...
76 verbose stack fatal: read error: Operation timed out
76 verbose stack
76 verbose stack     at ChildProcess.exithandler (child_process.js:206:12)
76 verbose stack     at emitTwo (events.js:106:13)
76 verbose stack     at ChildProcess.emit (events.js:191:7)
76 verbose stack     at maybeClose (internal/child_process.js:877:16)
76 verbose stack     at Socket.<anonymous> (internal/child_process.js:334:11)
76 verbose stack     at emitOne (events.js:96:13)
76 verbose stack     at Socket.emit (events.js:188:7)
76 verbose stack     at Pipe._handle.close [as _onclose] (net.js:498:12)
77 verbose cwd /Users/arnaudcr/Documents/Node/keystone/node_modules/keystone
78 error Darwin 16.7.0
79 error argv "/usr/local/bin/node" "/usr/local/bin/npm" "install" "fs-web" "--save"
80 error node v6.10.0
81 error npm  v3.10.10
82 error code 128
83 error Command failed: git clone --template=/Users/arnaudcr/.npm/_git-remotes/_templates --mirror git://github.com/component/path.git /Users/arnaudcr/.npm/_git-remotes/git-github-com-component-path-git-7b4f23c38833a5232cd5e3d50ccb8cd13dbcd2f4-ed264042
83 error Cloning into bare repository '/Users/arnaudcr/.npm/_git-remotes/git-github-com-component-path-git-7b4f23c38833a5232cd5e3d50ccb8cd13dbcd2f4-ed264042'...
83 error fatal: read error: Operation timed out
84 error If you need help, you may report this error at:
84 error     <https://github.com/npm/npm/issues>
85 verbose exit [ 1, true ]
